# JRE version: Java(TM) SE Runtime Environment (8.0_151-b12) (build 1.8.0_151-b12)
# Java VM: Java HotSpot(TM) 64-Bit Server VM (25.151-b12 mixed mode windows-amd64 compressed oops)
Heap:
 PSYoungGen      total 84992K, used 42597K [0x00000000eab00000, 0x00000000f0500000, 0x0000000100000000)
  eden space 79360K, 46% used [0x00000000eab00000,0x00000000ecf1a360,0x00000000ef880000)
  from space 5632K, 99% used [0x00000000ef880000,0x00000000efdff348,0x00000000efe00000)
  to   space 5632K, 0% used [0x00000000efe00000,0x00000000efe00000,0x00000000f0380000)
 ParOldGen       total 67072K, used 6070K [0x00000000c0000000, 0x00000000c4180000, 0x00000000eab00000)
  object space 67072K, 9% used [0x00000000c0000000,0x00000000c05ed838,0x00000000c4180000)
 Metaspace       used 29287K, capacity 29534K, committed 29952K, reserved 1075200K
  class space    used 4173K, capacity 4237K, committed 4352K, reserved 1048576K
GC Heap History (10 events):
Event: 3.175 GC heap before
{Heap before GC invocations=5 (full 1):
 PSYoungGen      total 57344K, used 49152K [0x00000000eab00000, 0x00000000eeb00000, 0x0000000100000000)
  eden space 49152K, 100% used [0x00000000eab00000,0x00000000edb00000,0x00000000edb00000)
  from space 8192K, 0% used [0x00000000edb00000,0x00000000edb00000,0x00000000ee300000)
  to   space 8192K, 0% used [0x00000000ee300000,0x00000000ee300000,0x00000000eeb00000)
 ParOldGen       total 67072K, used 3044K [0x00000000c0000000, 0x00000000c4180000, 0x00000000eab00000)
  object space 67072K, 4% used [0x00000000c0000000,0x00000000c02f91a0,0x00000000c4180000)
 Metaspace       used 15951K, capacity 16102K, committed 16512K, reserved 1062912K
  class space    used 2297K, capacity 2325K, committed 2432K, reserved 1048576K
Event: 3.181 GC heap after
Heap after GC invocations=5 (full 1):
 PSYoungGen      total 57344K, used 4034K [0x00000000eab00000, 0x00000000f0b00000, 0x0000000100000000)
  eden space 49152K, 0% used [0x00000000eab00000,0x00000000eab00000,0x00000000edb00000)
  from space 8192K, 49% used [0x00000000ee300000,0x00000000ee6f0bc8,0x00000000eeb00000)
  to   space 8192K, 0% used [0x00000000edb00000,0x00000000edb00000,0x00000000ee300000)
 ParOldGen       total 67072K, used 3052K [0x00000000c0000000, 0x00000000c4180000, 0x00000000eab00000)
  object space 67072K, 4% used [0x00000000c0000000,0x00000000c02fb1a0,0x00000000c4180000)
 Metaspace       used 15951K, capacity 16102K, committed 16512K, reserved 1062912K
  class space    used 2297K, capacity 2325K, committed 2432K, reserved 1048576K
}
Event: 4.214 GC heap before
{Heap before GC invocations=6 (full 1):
 PSYoungGen      total 57344K, used 53186K [0x00000000eab00000, 0x00000000f0b00000, 0x0000000100000000)
  eden space 49152K, 100% used [0x00000000eab00000,0x00000000edb00000,0x00000000edb00000)
  from space 8192K, 49% used [0x00000000ee300000,0x00000000ee6f0bc8,0x00000000eeb00000)
  to   space 8192K, 0% used [0x00000000edb00000,0x00000000edb00000,0x00000000ee300000)
 ParOldGen       total 67072K, used 3052K [0x00000000c0000000, 0x00000000c4180000, 0x00000000eab00000)
  object space 67072K, 4% used [0x00000000c0000000,0x00000000c02fb1a0,0x00000000c4180000)
 Metaspace       used 18601K, capacity 18776K, committed 19200K, reserved 1064960K
  class space    used 2660K, capacity 2680K, committed 2816K, reserved 1048576K
Event: 4.218 GC heap after
Heap after GC invocations=6 (full 1):
 PSYoungGen      total 57344K, used 3573K [0x00000000eab00000, 0x00000000f0380000, 0x0000000100000000)
  eden space 49152K, 0% used [0x00000000eab00000,0x00000000eab00000,0x00000000edb00000)
  from space 8192K, 43% used [0x00000000edb00000,0x00000000ede7d490,0x00000000ee300000)
  to   space 5632K, 0% used [0x00000000efe00000,0x00000000efe00000,0x00000000f0380000)
 ParOldGen       total 67072K, used 3060K [0x00000000c0000000, 0x00000000c4180000, 0x00000000eab00000)
  object space 67072K, 4% used [0x00000000c0000000,0x00000000c02fd1a0,0x00000000c4180000)
 Metaspace       used 18601K, capacity 18776K, committed 19200K, reserved 1064960K
  class space    used 2660K, capacity 2680K, committed 2816K, reserved 1048576K
}
Event: 4.520 GC heap before
{Heap before GC invocations=7 (full 1):
 PSYoungGen      total 57344K, used 40714K [0x00000000eab00000, 0x00000000f0380000, 0x0000000100000000)
  eden space 49152K, 75% used [0x00000000eab00000,0x00000000ecf45500,0x00000000edb00000)
  from space 8192K, 43% used [0x00000000edb00000,0x00000000ede7d490,0x00000000ee300000)
  to   space 5632K, 0% used [0x00000000efe00000,0x00000000efe00000,0x00000000f0380000)
 ParOldGen       total 67072K, used 3060K [0x00000000c0000000, 0x00000000c4180000, 0x00000000eab00000)
  object space 67072K, 4% used [0x00000000c0000000,0x00000000c02fd1a0,0x00000000c4180000)
 Metaspace       used 21010K, capacity 21130K, committed 21296K, reserved 1067008K
  class space    used 3006K, capacity 3025K, committed 3072K, reserved 1048576K
Event: 4.526 GC heap after
Heap after GC invocations=7 (full 1):
 PSYoungGen      total 84992K, used 3352K [0x00000000eab00000, 0x00000000f0500000, 0x0000000100000000)
  eden space 79360K, 0% used [0x00000000eab00000,0x00000000eab00000,0x00000000ef880000)
  from space 5632K, 59% used [0x00000000efe00000,0x00000000f01463e0,0x00000000f0380000)
  to   space 5632K, 0% used [0x00000000ef880000,0x00000000ef880000,0x00000000efe00000)
 ParOldGen       total 67072K, used 3068K [0x00000000c0000000, 0x00000000c4180000, 0x00000000eab00000)
  object space 67072K, 4% used [0x00000000c0000000,0x00000000c02ff1a0,0x00000000c4180000)
 Metaspace       used 21010K, capacity 21130K, committed 21296K, reserved 1067008K
  class space    used 3006K, capacity 3025K, committed 3072K, reserved 1048576K
}
Event: 4.526 GC heap before
{Heap before GC invocations=8 (full 2):
 PSYoungGen      total 84992K, used 3352K [0x00000000eab00000, 0x00000000f0500000, 0x0000000100000000)
  eden space 79360K, 0% used [0x00000000eab00000,0x00000000eab00000,0x00000000ef880000)
  from space 5632K, 59% used [0x00000000efe00000,0x00000000f01463e0,0x00000000f0380000)
  to   space 5632K, 0% used [0x00000000ef880000,0x00000000ef880000,0x00000000efe00000)
 ParOldGen       total 67072K, used 3068K [0x00000000c0000000, 0x00000000c4180000, 0x00000000eab00000)
  object space 67072K, 4% used [0x00000000c0000000,0x00000000c02ff1a0,0x00000000c4180000)
 Metaspace       used 21010K, capacity 21130K, committed 21296K, reserved 1067008K
  class space    used 3006K, capacity 3025K, committed 3072K, reserved 1048576K
Event: 4.598 GC heap after
Heap after GC invocations=8 (full 2):
 PSYoungGen      total 84992K, used 0K [0x00000000eab00000, 0x00000000f0500000, 0x0000000100000000)
  eden space 79360K, 0% used [0x00000000eab00000,0x00000000eab00000,0x00000000ef880000)
  from space 5632K, 0% used [0x00000000efe00000,0x00000000efe00000,0x00000000f0380000)
  to   space 5632K, 0% used [0x00000000ef880000,0x00000000ef880000,0x00000000efe00000)
 ParOldGen       total 67072K, used 5580K [0x00000000c0000000, 0x00000000c4180000, 0x00000000eab00000)
  object space 67072K, 8% used [0x00000000c0000000,0x00000000c0573060,0x00000000c4180000)
 Metaspace       used 21010K, capacity 21130K, committed 21296K, reserved 1067008K
  class space    used 3006K, capacity 3025K, committed 3072K, reserved 1048576K
}
Event: 6.055 GC heap before
{Heap before GC invocations=9 (full 2):
 PSYoungGen      total 84992K, used 79360K [0x00000000eab00000, 0x00000000f0500000, 0x0000000100000000)
  eden space 79360K, 100% used [0x00000000eab00000,0x00000000ef880000,0x00000000ef880000)
  from space 5632K, 0% used [0x00000000efe00000,0x00000000efe00000,0x00000000f0380000)
  to   space 5632K, 0% used [0x00000000ef880000,0x00000000ef880000,0x00000000efe00000)
 ParOldGen       total 67072K, used 5580K [0x00000000c0000000, 0x00000000c4180000, 0x00000000eab00000)
  object space 67072K, 8% used [0x00000000c0000000,0x00000000c0573060,0x00000000c4180000)
 Metaspace       used 26485K, capacity 26686K, committed 27136K, reserved 1073152K
  class space    used 3766K, capacity 3821K, committed 3840K, reserved 1048576K
Event: 6.062 GC heap after
Heap after GC invocations=9 (full 2):
 PSYoungGen      total 84992K, used 5628K [0x00000000eab00000, 0x00000000f0500000, 0x0000000100000000)
  eden space 79360K, 0% used [0x00000000eab00000,0x00000000eab00000,0x00000000ef880000)
  from space 5632K, 99% used [0x00000000ef880000,0x00000000efdff348,0x00000000efe00000)
  to   space 5632K, 0% used [0x00000000efe00000,0x00000000efe00000,0x00000000f0380000)
 ParOldGen       total 67072K, used 6070K [0x00000000c0000000, 0x00000000c4180000, 0x00000000eab00000)
  object space 67072K, 9% used [0x00000000c0000000,0x00000000c05ed838,0x00000000c4180000)
 Metaspace       used 26485K, capacity 26686K, committed 27136K, reserved 1073152K
  class space    used 3766K, capacity 3821K, committed 3840K, reserved 1048576K
}

